<?xml version="1.0" encoding="utf-8" standalone="no"?>
<!--This file represents the results of running a test suite-->
<test-results name="C:\SeleniumNunitPoC\bin\Debug\SeleniumNunitPoC.dll" total="1" errors="0" failures="0" not-run="0" inconclusive="0" ignored="0" skipped="0" invalid="0" date="2015-08-25" time="09:25:26">
  <environment nunit-version="2.6.4.14350" clr-version="2.0.50727.5485" os-version="Microsoft Windows NT 6.1.7601 Service Pack 1" platform="Win32NT" cwd="C:\Program Files (x86)\NUnit 2.6.4\bin" machine-name="ATLXDW764DEV004" user="jgalvan" user-domain="ST" />
  <culture-info current-culture="en-US" current-uiculture="en-US" />
  <test-suite type="Assembly" name="C:\SeleniumNunitPoC\bin\Debug\SeleniumNunitPoC.dll" executed="True" result="Success" success="True" time="12.914" asserts="0">
    <results>
      <test-suite type="Namespace" name="SeleniumNunitPoC" executed="True" result="Success" success="True" time="12.885" asserts="0">
        <results>
          <test-suite type="Namespace" name="Tests" executed="True" result="Success" success="True" time="12.884" asserts="0">
            <results>
              <test-suite type="TestFixture" name="MercuryAutoDemo" executed="True" result="Success" success="True" time="12.875" asserts="0">
                <results>
                  <test-case name="SeleniumNunitPoC.Tests.MercuryAutoDemo.RegistrationTestCase" executed="True" result="Success" success="True" time="12.852" asserts="0" />
                </results>
              </test-suite>
            </results>
          </test-suite>
        </results>
      </test-suite>
    </results>
  </test-suite>
</test-results>